<?xml version="1.0" encoding="utf-8"?><testsuites name="pytest tests"><testsuite name="pytest" errors="0" failures="0" skipped="0" tests="17" time="1.569" timestamp="2026-05-12T12:11:30.431780+00:00" hostname="agent-env-c567266d-a5f0-486a-b726-e5a0d151271f"><testcase classname="backend.tests.test_triad_api" name="test_root" time="0.302" /><testcase classname="backend.tests.test_triad_api" name="test_projects_list" time="0.060" /><testcase classname="backend.tests.test_triad_api" name="test_projects_hot" time="0.064" /><testcase classname="backend.tests.test_triad_api" name="test_projects_filter_emirate" time="0.058" /><testcase classname="backend.tests.test_triad_api" name="test_projects_filter_type_villa" time="0.058" /><testcase classname="backend.tests.test_triad_api" name="test_projects_filter_config" time="0.058" /><testcase classname="backend.tests.test_triad_api" name="test_projects_price_range" time="0.059" /><testcase classname="backend.tests.test_triad_api" name="test_projects_search_marina" time="0.057" /><testcase classname="backend.tests.test_triad_api" name="test_project_detail" time="0.057" /><testcase classname="backend.tests.test_triad_api" name="test_project_404" time="0.057" /><testcase classname="backend.tests.test_triad_api" name="test_blogs_list" time="0.058" /><testcase classname="backend.tests.test_triad_api" name="test_blog_detail" time="0.057" /><testcase classname="backend.tests.test_triad_api" name="test_careers" time="0.057" /><testcase classname="backend.tests.test_triad_api" name="test_lead_create_and_list" time="0.141" /><testcase classname="backend.tests.test_triad_api" name="test_contact_create_and_list" time="0.126" /><testcase classname="backend.tests.test_triad_api" name="test_application_create" time="0.068" /><testcase classname="backend.tests.test_triad_api" name="test_invalid_email_rejected" time="0.067" /></testsuite></testsuites>